 2023-12-28 11:07:10 || [ error ] ▶ uncaughtException: Invalid status code: undefined
RangeError [ERR_HTTP_INVALID_STATUS_CODE]: Invalid status code: undefined
    at new NodeError (node:internal/errors:399:5)
    at ServerResponse.writeHead (node:_http_server:344:11)
    at ServerResponse._implicitHeader (node:_http_server:335:8)
    at write_ (node:_http_outgoing:912:9)
    at ServerResponse.end (node:_http_outgoing:1019:5)
    at ServerResponse.send (C:\Users\NT930\OneDrive\바탕 화면\WEB\haewoulhae\node_modules\express\lib\response.js:232:10)
    at ServerResponse.json (C:\Users\NT930\OneDrive\바탕 화면\WEB\haewoulhae\node_modules\express\lib\response.js:278:15)
    at mine (C:\Users\NT930\OneDrive\바탕 화면\WEB\haewoulhae\src\controller\mypage.controller.js:7:40)
    at process.processTicksAndRejections (node:internal/process/task_queues:95:5)
 2023-12-28 11:07:56 || [ error ] ▶ uncaughtException: Invalid status code: undefined
RangeError [ERR_HTTP_INVALID_STATUS_CODE]: Invalid status code: undefined
    at new NodeError (node:internal/errors:399:5)
    at ServerResponse.writeHead (node:_http_server:344:11)
    at ServerResponse._implicitHeader (node:_http_server:335:8)
    at write_ (node:_http_outgoing:912:9)
    at ServerResponse.end (node:_http_outgoing:1019:5)
    at ServerResponse.send (C:\Users\NT930\OneDrive\바탕 화면\WEB\haewoulhae\node_modules\express\lib\response.js:232:10)
    at ServerResponse.json (C:\Users\NT930\OneDrive\바탕 화면\WEB\haewoulhae\node_modules\express\lib\response.js:278:15)
    at mine (C:\Users\NT930\OneDrive\바탕 화면\WEB\haewoulhae\src\controller\mypage.controller.js:7:40)
    at process.processTicksAndRejections (node:internal/process/task_queues:95:5)
 2023-12-28 11:08:56 || [ error ] ▶ uncaughtException: Invalid status code: undefined
RangeError [ERR_HTTP_INVALID_STATUS_CODE]: Invalid status code: undefined
    at new NodeError (node:internal/errors:399:5)
    at ServerResponse.writeHead (node:_http_server:344:11)
    at ServerResponse._implicitHeader (node:_http_server:335:8)
    at write_ (node:_http_outgoing:912:9)
    at ServerResponse.end (node:_http_outgoing:1019:5)
    at ServerResponse.send (C:\Users\NT930\OneDrive\바탕 화면\WEB\haewoulhae\node_modules\express\lib\response.js:232:10)
    at ServerResponse.json (C:\Users\NT930\OneDrive\바탕 화면\WEB\haewoulhae\node_modules\express\lib\response.js:278:15)
    at mine (C:\Users\NT930\OneDrive\바탕 화면\WEB\haewoulhae\src\controller\mypage.controller.js:7:40)
    at process.processTicksAndRejections (node:internal/process/task_queues:95:5)
 2023-12-28 11:10:01 || [ error ] ▶ uncaughtException: Invalid status code: undefined
RangeError [ERR_HTTP_INVALID_STATUS_CODE]: Invalid status code: undefined
    at new NodeError (node:internal/errors:399:5)
    at ServerResponse.writeHead (node:_http_server:344:11)
    at ServerResponse._implicitHeader (node:_http_server:335:8)
    at write_ (node:_http_outgoing:912:9)
    at ServerResponse.end (node:_http_outgoing:1019:5)
    at ServerResponse.send (C:\Users\NT930\OneDrive\바탕 화면\WEB\haewoulhae\node_modules\express\lib\response.js:232:10)
    at ServerResponse.json (C:\Users\NT930\OneDrive\바탕 화면\WEB\haewoulhae\node_modules\express\lib\response.js:278:15)
    at mine (C:\Users\NT930\OneDrive\바탕 화면\WEB\haewoulhae\src\controller\mypage.controller.js:7:40)
    at process.processTicksAndRejections (node:internal/process/task_queues:95:5)
 2023-12-28 11:10:38 || [ error ] ▶ uncaughtException: Invalid status code: undefined
RangeError [ERR_HTTP_INVALID_STATUS_CODE]: Invalid status code: undefined
    at new NodeError (node:internal/errors:399:5)
    at ServerResponse.writeHead (node:_http_server:344:11)
    at ServerResponse._implicitHeader (node:_http_server:335:8)
    at write_ (node:_http_outgoing:912:9)
    at ServerResponse.end (node:_http_outgoing:1019:5)
    at ServerResponse.send (C:\Users\NT930\OneDrive\바탕 화면\WEB\haewoulhae\node_modules\express\lib\response.js:232:10)
    at ServerResponse.json (C:\Users\NT930\OneDrive\바탕 화면\WEB\haewoulhae\node_modules\express\lib\response.js:278:15)
    at mine (C:\Users\NT930\OneDrive\바탕 화면\WEB\haewoulhae\src\controller\mypage.controller.js:7:40)
    at process.processTicksAndRejections (node:internal/process/task_queues:95:5)
 2023-12-28 11:15:13 || [ error ] ▶ uncaughtException: Invalid status code: undefined
RangeError [ERR_HTTP_INVALID_STATUS_CODE]: Invalid status code: undefined
    at new NodeError (node:internal/errors:399:5)
    at ServerResponse.writeHead (node:_http_server:344:11)
    at ServerResponse._implicitHeader (node:_http_server:335:8)
    at write_ (node:_http_outgoing:912:9)
    at ServerResponse.end (node:_http_outgoing:1019:5)
    at ServerResponse.send (C:\Users\NT930\OneDrive\바탕 화면\WEB\haewoulhae\node_modules\express\lib\response.js:232:10)
    at ServerResponse.json (C:\Users\NT930\OneDrive\바탕 화면\WEB\haewoulhae\node_modules\express\lib\response.js:278:15)
    at mine (C:\Users\NT930\OneDrive\바탕 화면\WEB\haewoulhae\src\controller\mypage.controller.js:7:40)
    at process.processTicksAndRejections (node:internal/process/task_queues:95:5)
 2023-12-28 11:24:12 || [ error ] ▶ DB error [comflower]
 	SELECT cf_id, cf_title, cf_post_time as time FROM comflower
        WHERE user_id=undefined ORDER BY cf_post_time DESC
 	Error: Unknown column 'undefined' in 'where clause'
 2023-12-28 13:34:24 || [ error ] ▶ DB error [user]
 	SELECT user_id, nikname, counting FROM user WHERE counting!=0
 	Error: Unknown column 'nikname' in 'field list'
 2023-12-28 13:35:06 || [ error ] ▶ DB error [user]
 	SELECT user_id, nikname, counting FROM user WHERE counting!=0
 	Error: Unknown column 'nikname' in 'field list'
 2023-12-28 13:35:15 || [ error ] ▶ DB error [user]
 	SELECT user_id, nikname, counting FROM user WHERE counting!=0
 	Error: Unknown column 'nikname' in 'field list'
 2023-12-28 13:35:52 || [ error ] ▶ DB error [user]
 	SELECT user_id, nikname, counting FROM user WHERE counting!=0
 	Error: Unknown column 'nikname' in 'field list'
 2023-12-28 13:35:53 || [ error ] ▶ DB error [user]
 	SELECT user_id, nikname, counting FROM user WHERE counting!=0
 	Error: Unknown column 'nikname' in 'field list'
 2023-12-28 13:35:53 || [ error ] ▶ DB error [user]
 	SELECT user_id, nikname, counting FROM user WHERE counting!=0
 	Error: Unknown column 'nikname' in 'field list'
 2023-12-28 13:35:54 || [ error ] ▶ DB error [user]
 	SELECT user_id, nikname, counting FROM user WHERE counting!=0
 	Error: Unknown column 'nikname' in 'field list'
 2023-12-28 13:35:54 || [ error ] ▶ DB error [user]
 	SELECT user_id, nikname, counting FROM user WHERE counting!=0
 	Error: Unknown column 'nikname' in 'field list'
 2023-12-28 13:35:55 || [ error ] ▶ DB error [user]
 	SELECT user_id, nikname, counting FROM user WHERE counting!=0
 	Error: Unknown column 'nikname' in 'field list'
 2023-12-28 13:37:50 || [ error ] ▶ DB error [user]
 	SELECT user_id, nikname, counting FROM user WHERE counting!=0
 	Error: Unknown column 'nikname' in 'field list'
 2023-12-28 13:37:51 || [ error ] ▶ DB error [user]
 	SELECT user_id, nikname, counting FROM user WHERE counting!=0
 	Error: Unknown column 'nikname' in 'field list'
 2023-12-28 13:37:52 || [ error ] ▶ DB error [user]
 	SELECT user_id, nikname, counting FROM user WHERE counting!=0
 	Error: Unknown column 'nikname' in 'field list'
 2023-12-28 13:38:08 || [ error ] ▶ DB error [user]
 	SELECT user_id, nikname, counting FROM user WHERE counting!=0
 	Error: Unknown column 'nikname' in 'field list'
 2023-12-28 13:38:28 || [ error ] ▶ DB error [user]
 	SELECT user_id, nikname, counting FROM user WHERE counting!=0
 	Error: Unknown column 'nikname' in 'field list'
 2023-12-28 13:38:33 || [ error ] ▶ DB error [user]
 	SELECT user_id, nikname, counting FROM user WHERE counting!=0
 	Error: Unknown column 'nikname' in 'field list'
 2023-12-28 13:38:34 || [ error ] ▶ DB error [user]
 	SELECT user_id, nikname, counting FROM user WHERE counting!=0
 	Error: Unknown column 'nikname' in 'field list'
 2023-12-28 13:38:35 || [ error ] ▶ DB error [user]
 	SELECT user_id, nikname, counting FROM user WHERE counting!=0
 	Error: Unknown column 'nikname' in 'field list'
 2023-12-28 13:38:40 || [ error ] ▶ DB error [user]
 	SELECT user_id, nikname, counting FROM user WHERE counting!=0
 	Error: Unknown column 'nikname' in 'field list'
 2023-12-28 13:39:44 || [ error ] ▶ DB error [user]
 	SELECT user_id, nikname, counting FROM user WHERE counting!=0
 	Error: Unknown column 'nikname' in 'field list'
 2023-12-28 13:40:27 || [ error ] ▶ DB error [user]
 	SELECT user_id, nikname, counting FROM user WHERE counting!=0
 	Error: Unknown column 'nikname' in 'field list'
 2023-12-28 13:40:39 || [ error ] ▶ DB error [user]
 	SELECT user_id, nikname, counting FROM user WHERE counting!=0
 	Error: Unknown column 'nikname' in 'field list'
 2023-12-28 13:41:07 || [ error ] ▶ DB error [user]
 	SELECT user_id, nikname, counting FROM user WHERE counting!=0
 	Error: Unknown column 'nikname' in 'field list'
 2023-12-28 13:41:50 || [ error ] ▶ DB error [user]
 	SELECT user_id, nikname, counting FROM user WHERE counting!=0
 	Error: Unknown column 'nikname' in 'field list'
 2023-12-28 13:42:40 || [ error ] ▶ DB error [user]
 	SELECT user_id, nikname, counting FROM user WHERE counting!=0
 	Error: Unknown column 'nikname' in 'field list'
 2023-12-28 13:42:42 || [ error ] ▶ DB error [user]
 	SELECT user_id, nikname, counting FROM user WHERE counting!=0
 	Error: Unknown column 'nikname' in 'field list'
 2023-12-28 13:43:18 || [ error ] ▶ DB error [user]
 	SELECT user_id, nikname, counting FROM user WHERE counting!=0
 	Error: Unknown column 'nikname' in 'field list'
 2023-12-28 13:43:19 || [ error ] ▶ DB error [user]
 	SELECT user_id, nikname, counting FROM user WHERE counting!=0
 	Error: Unknown column 'nikname' in 'field list'
 2023-12-28 13:43:30 || [ error ] ▶ DB error [user]
 	SELECT user_id, nikname, counting FROM user WHERE counting!=0
 	Error: Unknown column 'nikname' in 'field list'
 2023-12-28 13:47:01 || [ error ] ▶ DB error [user]
 	SELECT user_id, nikname, counting FROM user WHERE counting!=0
 	Error: Unknown column 'nikname' in 'field list'
 2023-12-28 13:48:53 || [ error ] ▶ DB error [user]
 	SELECT user_id, nikname, counting FROM user WHERE counting!=0
 	Error: Unknown column 'nikname' in 'field list'
 2023-12-28 13:49:46 || [ error ] ▶ DB error [user]
 	SELECT user_id, nikname, counting FROM user WHERE counting!=0
 	Error: Unknown column 'nikname' in 'field list'
 2023-12-28 13:50:04 || [ error ] ▶ DB error [user]
 	SELECT user_id, nikname, counting FROM user WHERE counting!=0
 	Error: Unknown column 'nikname' in 'field list'
 2023-12-28 13:50:18 || [ error ] ▶ DB error [user]
 	SELECT user_id, nikname, counting FROM user WHERE counting!=0
 	Error: Unknown column 'nikname' in 'field list'
 2023-12-28 13:50:38 || [ error ] ▶ DB error [user]
 	SELECT user_id, nikname, counting FROM user WHERE counting!=0
 	Error: Unknown column 'nikname' in 'field list'
 2023-12-28 13:51:14 || [ error ] ▶ DB error [user]
 	SELECT user_id, nikname, counting FROM user WHERE counting!=0
 	Error: Unknown column 'nikname' in 'field list'
 2023-12-28 13:51:32 || [ error ] ▶ DB error [user]
 	SELECT user_id, nikname, counting FROM user WHERE counting!=0
 	Error: Unknown column 'nikname' in 'field list'
 2023-12-28 13:52:06 || [ error ] ▶ DB error [user]
 	SELECT user_id, nikname, counting FROM user WHERE counting!=0
 	Error: Unknown column 'nikname' in 'field list'
 2023-12-28 13:53:14 || [ error ] ▶ DB error [user]
 	SELECT user_id, nikname, counting FROM user WHERE counting!=0
 	Error: Unknown column 'nikname' in 'field list'
 2023-12-28 13:53:16 || [ error ] ▶ DB error [user]
 	SELECT user_id, nikname, counting FROM user WHERE counting!=0
 	Error: Unknown column 'nikname' in 'field list'
 2023-12-28 13:53:26 || [ error ] ▶ DB error [user]
 	SELECT user_id, nikname, counting FROM user WHERE counting!=0
 	Error: Unknown column 'nikname' in 'field list'
 2023-12-28 13:53:28 || [ error ] ▶ DB error [user]
 	SELECT user_id, nikname, counting FROM user WHERE counting!=0
 	Error: Unknown column 'nikname' in 'field list'
 2023-12-28 13:54:00 || [ error ] ▶ DB error [user]
 	SELECT user_id, nikname, counting FROM user WHERE counting!=0
 	Error: Unknown column 'nikname' in 'field list'
 2023-12-28 13:54:00 || [ error ] ▶ DB error [user]
 	SELECT user_id, nikname, counting FROM user WHERE counting!=0
 	Error: Unknown column 'nikname' in 'field list'
 2023-12-28 13:54:55 || [ error ] ▶ DB error [user]
 	SELECT user_id, nikname, counting FROM user WHERE counting!=0
 	Error: Unknown column 'nikname' in 'field list'
 2023-12-28 13:55:16 || [ error ] ▶ DB error [user]
 	SELECT user_id, nikname, counting FROM user WHERE counting!=0
 	Error: Unknown column 'nikname' in 'field list'
 2023-12-28 13:55:17 || [ error ] ▶ DB error [user]
 	SELECT user_id, nikname, counting FROM user WHERE counting!=0
 	Error: Unknown column 'nikname' in 'field list'
 2023-12-28 13:56:08 || [ error ] ▶ DB error [user]
 	SELECT user_id, nikname, counting FROM user WHERE counting!=0
 	Error: Unknown column 'nikname' in 'field list'
 2023-12-28 13:56:42 || [ error ] ▶ DB error [user]
 	SELECT user_id, nikname, counting FROM user WHERE counting!=0
 	Error: Unknown column 'nikname' in 'field list'
 2023-12-28 13:58:14 || [ error ] ▶ DB error [user]
 	SELECT user_id, nikname, counting FROM user WHERE counting!=0
 	Error: Unknown column 'nikname' in 'field list'
 2023-12-28 13:59:07 || [ error ] ▶ DB error [user]
 	SELECT user_id, nikname, counting FROM user WHERE counting!=0
 	Error: Unknown column 'nikname' in 'field list'
 2023-12-28 13:59:27 || [ error ] ▶ DB error [user]
 	SELECT user_id, nikname, counting FROM user WHERE counting!=0
 	Error: Unknown column 'nikname' in 'field list'
 2023-12-28 14:01:39 || [ error ] ▶ DB error [user]
 	SELECT user_id, nikname, counting FROM user WHERE counting!=0
 	Error: Unknown column 'nikname' in 'field list'
 2023-12-28 14:02:38 || [ error ] ▶ DB error [user]
 	SELECT user_id, nikname, counting FROM user WHERE counting!=0
 	Error: Unknown column 'nikname' in 'field list'
 2023-12-28 14:04:09 || [ error ] ▶ DB error [user]
 	SELECT user_id, nikname, counting FROM user WHERE counting!=0
 	Error: Unknown column 'nikname' in 'field list'
 2023-12-28 14:04:10 || [ error ] ▶ DB error [user]
 	SELECT user_id, nikname, counting FROM user WHERE counting!=0
 	Error: Unknown column 'nikname' in 'field list'
 2023-12-28 14:04:19 || [ error ] ▶ DB error [user]
 	SELECT user_id, nikname, counting FROM user WHERE counting!=0
 	Error: Unknown column 'nikname' in 'field list'
 2023-12-28 14:04:38 || [ error ] ▶ DB error [user]
 	SELECT user_id, nikname, counting FROM user WHERE counting!=0
 	Error: Unknown column 'nikname' in 'field list'
 2023-12-28 14:04:48 || [ error ] ▶ DB error [user]
 	SELECT user_id, nikname, counting FROM user WHERE counting!=0
 	Error: Unknown column 'nikname' in 'field list'
 2023-12-28 14:06:05 || [ error ] ▶ DB error [user]
 	SELECT user_id, nikname, counting FROM user WHERE counting!=0
 	Error: Unknown column 'nikname' in 'field list'
 2023-12-28 14:06:32 || [ error ] ▶ DB error [user]
 	SELECT user_id, nikname, counting FROM user WHERE counting!=0
 	Error: Unknown column 'nikname' in 'field list'
 2023-12-28 14:06:49 || [ error ] ▶ DB error [user]
 	SELECT user_id, nikname, counting FROM user WHERE counting!=0
 	Error: Unknown column 'nikname' in 'field list'
 2023-12-28 14:07:44 || [ error ] ▶ DB error [user]
 	SELECT user_id, nikname, counting FROM user WHERE counting!=0
 	Error: Unknown column 'nikname' in 'field list'
 2023-12-28 14:08:09 || [ error ] ▶ DB error [user]
 	SELECT user_id, nikname, counting FROM user WHERE counting!=0
 	Error: Unknown column 'nikname' in 'field list'
 2023-12-28 14:09:27 || [ error ] ▶ DB error [user]
 	SELECT user_id, nikname, counting FROM user WHERE counting!=0
 	Error: Unknown column 'nikname' in 'field list'
 2023-12-28 14:09:48 || [ error ] ▶ DB error [user]
 	SELECT user_id, nikname, counting FROM user WHERE counting!=0
 	Error: Unknown column 'nikname' in 'field list'
 2023-12-28 14:09:59 || [ error ] ▶ DB error [user]
 	SELECT user_id, nikname, counting FROM user WHERE counting!=0
 	Error: Unknown column 'nikname' in 'field list'
 2023-12-28 14:10:07 || [ error ] ▶ DB error [user]
 	SELECT user_id, nikname, counting FROM user WHERE counting!=0
 	Error: Unknown column 'nikname' in 'field list'
 2023-12-28 14:10:17 || [ error ] ▶ DB error [user]
 	SELECT user_id, nikname, counting FROM user WHERE counting!=0
 	Error: Unknown column 'nikname' in 'field list'
 2023-12-28 14:10:32 || [ error ] ▶ DB error [user]
 	SELECT user_id, nikname, counting FROM user WHERE counting!=0
 	Error: Unknown column 'nikname' in 'field list'
 2023-12-28 14:10:33 || [ error ] ▶ DB error [user]
 	SELECT user_id, nikname, counting FROM user WHERE counting!=0
 	Error: Unknown column 'nikname' in 'field list'
 2023-12-28 14:10:42 || [ error ] ▶ DB error [user]
 	SELECT user_id, nikname, counting FROM user WHERE counting!=0
 	Error: Unknown column 'nikname' in 'field list'
 2023-12-28 14:10:50 || [ error ] ▶ DB error [user]
 	SELECT user_id, nikname, counting FROM user WHERE counting!=0
 	Error: Unknown column 'nikname' in 'field list'
 2023-12-28 14:11:09 || [ error ] ▶ DB error [user]
 	SELECT user_id, nikname, counting FROM user WHERE counting!=0
 	Error: Unknown column 'nikname' in 'field list'
 2023-12-28 14:11:10 || [ error ] ▶ DB error [user]
 	SELECT user_id, nikname, counting FROM user WHERE counting!=0
 	Error: Unknown column 'nikname' in 'field list'
 2023-12-28 14:11:21 || [ error ] ▶ DB error [user]
 	SELECT user_id, nikname, counting FROM user WHERE counting!=0
 	Error: Unknown column 'nikname' in 'field list'
 2023-12-28 14:11:27 || [ error ] ▶ DB error [user]
 	SELECT user_id, nikname, counting FROM user WHERE counting!=0
 	Error: Unknown column 'nikname' in 'field list'
 2023-12-28 14:11:35 || [ error ] ▶ DB error [user]
 	SELECT user_id, nikname, counting FROM user WHERE counting!=0
 	Error: Unknown column 'nikname' in 'field list'
 2023-12-28 14:11:36 || [ error ] ▶ DB error [user]
 	SELECT user_id, nikname, counting FROM user WHERE counting!=0
 	Error: Unknown column 'nikname' in 'field list'
 2023-12-28 14:11:37 || [ error ] ▶ DB error [user]
 	SELECT user_id, nikname, counting FROM user WHERE counting!=0
 	Error: Unknown column 'nikname' in 'field list'
 2023-12-28 14:12:05 || [ error ] ▶ DB error [user]
 	SELECT user_id, nikname, counting FROM user WHERE counting!=0
 	Error: Unknown column 'nikname' in 'field list'
 2023-12-28 14:12:16 || [ error ] ▶ DB error [user]
 	SELECT user_id, nikname, counting FROM user WHERE counting!=0
 	Error: Unknown column 'nikname' in 'field list'
 2023-12-28 14:12:21 || [ error ] ▶ DB error [user]
 	SELECT user_id, nikname, counting FROM user WHERE counting!=0
 	Error: Unknown column 'nikname' in 'field list'
 2023-12-28 14:12:33 || [ error ] ▶ DB error [user]
 	SELECT user_id, nikname, counting FROM user WHERE counting!=0
 	Error: Unknown column 'nikname' in 'field list'
 2023-12-28 14:18:16 || [ error ] ▶ DB error [user]
 	SELECT user_id, nikname, counting FROM user WHERE counting!=0
 	Error: Unknown column 'nikname' in 'field list'
 2023-12-28 14:18:38 || [ error ] ▶ DB error [user]
 	SELECT user_id, nikname, counting FROM user WHERE counting!=0
 	Error: Unknown column 'nikname' in 'field list'
 2023-12-28 14:18:50 || [ error ] ▶ DB error [user]
 	SELECT user_id, nikname, counting FROM user WHERE counting!=0
 	Error: Unknown column 'nikname' in 'field list'
 2023-12-28 14:19:32 || [ error ] ▶ DB error [user]
 	SELECT user_id, nikname, counting FROM user WHERE counting!=0
 	Error: Unknown column 'nikname' in 'field list'
 2023-12-28 14:22:50 || [ error ] ▶ DB error [user]
 	SELECT user_id, nikname, counting FROM user WHERE counting!=0
 	Error: Unknown column 'nikname' in 'field list'
 2023-12-28 14:23:01 || [ error ] ▶ DB error [user]
 	SELECT user_id, nikname, counting FROM user WHERE counting!=0
 	Error: Unknown column 'nikname' in 'field list'
 2023-12-28 14:23:29 || [ error ] ▶ DB error [user]
 	SELECT user_id, nikname, counting FROM user WHERE counting!=0
 	Error: Unknown column 'nikname' in 'field list'
 2023-12-28 14:23:51 || [ error ] ▶ DB error [user]
 	SELECT user_id, nikname, counting FROM user WHERE counting!=0
 	Error: Unknown column 'nikname' in 'field list'
 2023-12-28 14:23:57 || [ error ] ▶ DB error [user]
 	SELECT user_id, nikname, counting FROM user WHERE counting!=0
 	Error: Unknown column 'nikname' in 'field list'
 2023-12-28 14:24:58 || [ error ] ▶ DB error [user]
 	SELECT user_id, nikname, counting FROM user WHERE counting!=0
 	Error: Unknown column 'nikname' in 'field list'
 2023-12-28 14:25:50 || [ error ] ▶ DB error [user]
 	SELECT user_id, nikname, counting FROM user WHERE counting!=0
 	Error: Unknown column 'nikname' in 'field list'
 2023-12-28 14:26:17 || [ error ] ▶ DB error [user]
 	SELECT user_id, nikname, counting FROM user WHERE counting!=0
 	Error: Unknown column 'nikname' in 'field list'
 2023-12-28 14:26:26 || [ error ] ▶ DB error [user]
 	SELECT user_id, nikname, counting FROM user WHERE counting!=0
 	Error: Unknown column 'nikname' in 'field list'
 2023-12-28 14:26:36 || [ error ] ▶ DB error [user]
 	SELECT user_id, nikname, counting FROM user WHERE counting!=0
 	Error: Unknown column 'nikname' in 'field list'
 2023-12-28 14:26:47 || [ error ] ▶ DB error [user]
 	SELECT user_id, nikname, counting FROM user WHERE counting!=0
 	Error: Unknown column 'nikname' in 'field list'
 2023-12-28 14:26:58 || [ error ] ▶ DB error [user]
 	SELECT user_id, nikname, counting FROM user WHERE counting!=0
 	Error: Unknown column 'nikname' in 'field list'
 2023-12-28 14:27:05 || [ error ] ▶ DB error [user]
 	SELECT user_id, nikname, counting FROM user WHERE counting!=0
 	Error: Unknown column 'nikname' in 'field list'
